Determining if the pthread_create exist failed with the following output:
Change Dir: /home/montypylon/soccer_robot_ws/src/robot_comm/cmake-build-debug/CMakeFiles/CMakeTmp

Run Build Command:"/usr/bin/make" "cmTC_62ed1/fast"
/usr/bin/make -f CMakeFiles/cmTC_62ed1.dir/build.make CMakeFiles/cmTC_62ed1.dir/build
make[1]: Entering directory `/home/montypylon/soccer_robot_ws/src/robot_comm/cmake-build-debug/CMakeFiles/CMakeTmp'
Building C object CMakeFiles/cmTC_62ed1.dir/CheckSymbolExists.c.o
/usr/bin/cc     -o CMakeFiles/cmTC_62ed1.dir/CheckSymbolExists.c.o   -c /home/montypylon/soccer_robot_ws/src/robot_comm/cmake-build-debug/CMakeFiles/CMakeTmp/CheckSymbolExists.c
Linking C executable cmTC_62ed1
/usr/local/clion-2016.3.2/bin/cmake/bin/cmake -E cmake_link_script CMakeFiles/cmTC_62ed1.dir/link.txt --verbose=1
/usr/bin/cc       CMakeFiles/cmTC_62ed1.dir/CheckSymbolExists.c.o  -o cmTC_62ed1 -rdynamic 
CMakeFiles/cmTC_62ed1.dir/CheckSymbolExists.c.o: In function `main':
CheckSymbolExists.c:(.text+0x16): undefined reference to `pthread_create'
collect2: error: ld returned 1 exit status
make[1]: *** [cmTC_62ed1] Error 1
make[1]: Leaving directory `/home/montypylon/soccer_robot_ws/src/robot_comm/cmake-build-debug/CMakeFiles/CMakeTmp'
make: *** [cmTC_62ed1/fast] Error 2

File /home/montypylon/soccer_robot_ws/src/robot_comm/cmake-build-debug/CMakeFiles/CMakeTmp/CheckSymbolExists.c:
/* */
#include <pthread.h>

int main(int argc, char** argv)
{
  (void)argv;
#ifndef pthread_create
  return ((int*)(&pthread_create))[argc];
#else
  (void)argc;
  return 0;
#endif
}

Determining if the function pthread_create exists in the pthreads failed with the following output:
Change Dir: /home/montypylon/soccer_robot_ws/src/robot_comm/cmake-build-debug/CMakeFiles/CMakeTmp

Run Build Command:"/usr/bin/make" "cmTC_293ec/fast"
/usr/bin/make -f CMakeFiles/cmTC_293ec.dir/build.make CMakeFiles/cmTC_293ec.dir/build
make[1]: Entering directory `/home/montypylon/soccer_robot_ws/src/robot_comm/cmake-build-debug/CMakeFiles/CMakeTmp'
Building C object CMakeFiles/cmTC_293ec.dir/CheckFunctionExists.c.o
/usr/bin/cc    -DCHECK_FUNCTION_EXISTS=pthread_create   -o CMakeFiles/cmTC_293ec.dir/CheckFunctionExists.c.o   -c /usr/local/clion-2016.3.2/bin/cmake/share/cmake-3.6/Modules/CheckFunctionExists.c
Linking C executable cmTC_293ec
/usr/local/clion-2016.3.2/bin/cmake/bin/cmake -E cmake_link_script CMakeFiles/cmTC_293ec.dir/link.txt --verbose=1
/usr/bin/cc   -DCHECK_FUNCTION_EXISTS=pthread_create    CMakeFiles/cmTC_293ec.dir/CheckFunctionExists.c.o  -o cmTC_293ec -rdynamic -lpthreads 
/usr/bin/ld: cannot find -lpthreads
collect2: error: ld returned 1 exit status
make[1]: *** [cmTC_293ec] Error 1
make[1]: Leaving directory `/home/montypylon/soccer_robot_ws/src/robot_comm/cmake-build-debug/CMakeFiles/CMakeTmp'
make: *** [cmTC_293ec/fast] Error 2


